Starting....
╭──────────────────────────────────────────────────────────────────────────────────────╮
│ Configuration for experiment     build_and_train_model_raytune_2025-01-18_10-51-39   │
├──────────────────────────────────────────────────────────────────────────────────────┤
│ Search algorithm                 BasicVariantGenerator                               │
│ Scheduler                        AsyncHyperBandScheduler                             │
│ Number of trials                 150                                                 │
╰──────────────────────────────────────────────────────────────────────────────────────╯

View detailed results here: /home/ando/ray_results/build_and_train_model_raytune_2025-01-18_10-51-39
To visualize your results with TensorBoard, run: `tensorboard --logdir /tmp/ray/session_2025-01-18_10-51-39_921548_3061247/artifacts/2025-01-18_10-51-40/build_and_train_model_raytune_2025-01-18_10-51-39/driver_artifacts`

Trial status: 4 PENDING
Current time: 2025-01-18 10:51:40. Total running time: 0s
Logical resource usage: 24.0/24 CPUs, 0/0 GPUs
╭─────────────────────────────────────────────────────────────────────────────────────────────────────────╮
│ Trial name                                  status         lr     d_model     depth     d_ffn     heads │
├─────────────────────────────────────────────────────────────────────────────────────────────────────────┤
│ build_and_train_model_raytune_1bc7a_00000   PENDING    0.0001          32         2        64         2 │
│ build_and_train_model_raytune_1bc7a_00001   PENDING    0.0001          64         2        32         4 │
│ build_and_train_model_raytune_1bc7a_00002   PENDING    0.0001          64         3        32         4 │
│ build_and_train_model_raytune_1bc7a_00003   PENDING    0.001           64         1       128         4 │
╰─────────────────────────────────────────────────────────────────────────────────────────────────────────╯

Trial build_and_train_model_raytune_1bc7a_00001 started with configuration:
╭───────────────────────────────────────────────────────────────────╮
│ Trial build_and_train_model_raytune_1bc7a_00001 config            │
├───────────────────────────────────────────────────────────────────┤
│ d_ffn                                                          32 │
│ d_model                                                        64 │
│ depth                                                           2 │
│ heads                                                           4 │
│ lr                                                         0.0001 │
╰───────────────────────────────────────────────────────────────────╯

Trial build_and_train_model_raytune_1bc7a_00000 started with configuration:
╭───────────────────────────────────────────────────────────────────╮
│ Trial build_and_train_model_raytune_1bc7a_00000 config            │
├───────────────────────────────────────────────────────────────────┤
│ d_ffn                                                          64 │
│ d_model                                                        32 │
│ depth                                                           2 │
│ heads                                                           2 │
│ lr                                                         0.0001 │
╰───────────────────────────────────────────────────────────────────╯

Trial build_and_train_model_raytune_1bc7a_00002 started with configuration:
╭───────────────────────────────────────────────────────────────────╮
│ Trial build_and_train_model_raytune_1bc7a_00002 config            │
├───────────────────────────────────────────────────────────────────┤
│ d_ffn                                                          32 │
│ d_model                                                        64 │
│ depth                                                           3 │
│ heads                                                           4 │
│ lr                                                         0.0001 │
╰───────────────────────────────────────────────────────────────────╯

Trial build_and_train_model_raytune_1bc7a_00003 started with configuration:
╭──────────────────────────────────────────────────────────────────╮
│ Trial build_and_train_model_raytune_1bc7a_00003 config           │
├──────────────────────────────────────────────────────────────────┤
│ d_ffn                                                        128 │
│ d_model                                                       64 │
│ depth                                                          1 │
│ heads                                                          4 │
│ lr                                                         0.001 │
╰──────────────────────────────────────────────────────────────────╯

Trial status: 4 RUNNING
Current time: 2025-01-18 10:52:11. Total running time: 30s
Logical resource usage: 24.0/24 CPUs, 0/0 GPUs
╭────────────────────────────────────────────────────────────────────────────────────────────────────────────────────────────────────────────────────────────────────────────────────────────────────╮
│ Trial name                                  status         lr     d_model     depth     d_ffn     heads     iter     total time (s)     train_loss     train_acc     val_acc     noiseless_val_acc │
├────────────────────────────────────────────────────────────────────────────────────────────────────────────────────────────────────────────────────────────────────────────────────────────────────┤
│ build_and_train_model_raytune_1bc7a_00000   RUNNING    0.0001          32         2        64         2       44            27.9075       0.688945        0.562       0.5594                0.641  │
│ build_and_train_model_raytune_1bc7a_00001   RUNNING    0.0001          64         2        32         4       32            27.7925       0.700013        0.57        0.572                 0.6694 │
│ build_and_train_model_raytune_1bc7a_00002   RUNNING    0.0001          64         3        32         4       25            27.2422       0.69724         0.5795      0.5634                0.6121 │
│ build_and_train_model_raytune_1bc7a_00003   RUNNING    0.001           64         1       128         4       47            27.7397       0.648228        0.6295      0.6063                0.7602 │
╰────────────────────────────────────────────────────────────────────────────────────────────────────────────────────────────────────────────────────────────────────────────────────────────────────╯
Trial status: 4 RUNNING
Current time: 2025-01-18 10:52:41. Total running time: 1min 0s
Logical resource usage: 24.0/24 CPUs, 0/0 GPUs
╭────────────────────────────────────────────────────────────────────────────────────────────────────────────────────────────────────────────────────────────────────────────────────────────────────╮
│ Trial name                                  status         lr     d_model     depth     d_ffn     heads     iter     total time (s)     train_loss     train_acc     val_acc     noiseless_val_acc │
├────────────────────────────────────────────────────────────────────────────────────────────────────────────────────────────────────────────────────────────────────────────────────────────────────┤
│ build_and_train_model_raytune_1bc7a_00000   RUNNING    0.0001          32         2        64         2       94            57.7649       0.677607        0.565       0.5633                0.6747 │
│ build_and_train_model_raytune_1bc7a_00001   RUNNING    0.0001          64         2        32         4       69            58.2661       0.68266         0.591       0.5856                0.7354 │
│ build_and_train_model_raytune_1bc7a_00002   RUNNING    0.0001          64         3        32         4       54            58.0218       0.680944        0.5875      0.5756                0.6405 │
│ build_and_train_model_raytune_1bc7a_00003   RUNNING    0.001           64         1       128         4       99            57.8249       0.630428        0.646       0.6395                0.7534 │
╰────────────────────────────────────────────────────────────────────────────────────────────────────────────────────────────────────────────────────────────────────────────────────────────────────╯
Trial status: 4 RUNNING
Current time: 2025-01-18 10:53:11. Total running time: 1min 30s
Logical resource usage: 24.0/24 CPUs, 0/0 GPUs
╭────────────────────────────────────────────────────────────────────────────────────────────────────────────────────────────────────────────────────────────────────────────────────────────────────╮
│ Trial name                                  status         lr     d_model     depth     d_ffn     heads     iter     total time (s)     train_loss     train_acc     val_acc     noiseless_val_acc │
├────────────────────────────────────────────────────────────────────────────────────────────────────────────────────────────────────────────────────────────────────────────────────────────────────┤
│ build_and_train_model_raytune_1bc7a_00000   RUNNING    0.0001          32         2        64         2      145            87.9298       0.677543        0.572       0.5699                0.6912 │
│ build_and_train_model_raytune_1bc7a_00001   RUNNING    0.0001          64         2        32         4      104            87.5777       0.677327        0.5915      0.5851                0.7354 │
│ build_and_train_model_raytune_1bc7a_00002   RUNNING    0.0001          64         3        32         4       80            87.7093       0.674021        0.5815      0.565                 0.6462 │
│ build_and_train_model_raytune_1bc7a_00003   RUNNING    0.001           64         1       128         4      151            87.755        0.630102        0.648       0.6384                0.7698 │
╰────────────────────────────────────────────────────────────────────────────────────────────────────────────────────────────────────────────────────────────────────────────────────────────────────╯
Trial status: 4 RUNNING
Current time: 2025-01-18 10:53:41. Total running time: 2min 0s
Logical resource usage: 24.0/24 CPUs, 0/0 GPUs
╭────────────────────────────────────────────────────────────────────────────────────────────────────────────────────────────────────────────────────────────────────────────────────────────────────╮
│ Trial name                                  status         lr     d_model     depth     d_ffn     heads     iter     total time (s)     train_loss     train_acc     val_acc     noiseless_val_acc │
├────────────────────────────────────────────────────────────────────────────────────────────────────────────────────────────────────────────────────────────────────────────────────────────────────┤
│ build_and_train_model_raytune_1bc7a_00000   RUNNING    0.0001          32         2        64         2      194            117.548       0.674249        0.5745      0.5739                0.6912 │
│ build_and_train_model_raytune_1bc7a_00001   RUNNING    0.0001          64         2        32         4      141            117.987       0.67736         0.591       0.5863                0.7353 │
│ build_and_train_model_raytune_1bc7a_00002   RUNNING    0.0001          64         3        32         4      106            117.732       0.676754        0.5795      0.5634                0.6121 │
│ build_and_train_model_raytune_1bc7a_00003   RUNNING    0.001           64         1       128         4      202            117.681       0.617696        0.6635      0.6505                0.8482 │
╰────────────────────────────────────────────────────────────────────────────────────────────────────────────────────────────────────────────────────────────────────────────────────────────────────╯
Trial status: 4 RUNNING
Current time: 2025-01-18 10:54:11. Total running time: 2min 30s
Logical resource usage: 24.0/24 CPUs, 0/0 GPUs
╭────────────────────────────────────────────────────────────────────────────────────────────────────────────────────────────────────────────────────────────────────────────────────────────────────╮
│ Trial name                                  status         lr     d_model     depth     d_ffn     heads     iter     total time (s)     train_loss     train_acc     val_acc     noiseless_val_acc │
├────────────────────────────────────────────────────────────────────────────────────────────────────────────────────────────────────────────────────────────────────────────────────────────────────┤
│ build_and_train_model_raytune_1bc7a_00000   RUNNING    0.0001          32         2        64         2      242            147.656       0.670073        0.586       0.5814                0.6744 │
│ build_and_train_model_raytune_1bc7a_00001   RUNNING    0.0001          64         2        32         4      176            147.572       0.667939        0.596       0.5875                0.7081 │
│ build_and_train_model_raytune_1bc7a_00002   RUNNING    0.0001          64         3        32         4      132            147.841       0.669561        0.5815      0.5767                0.707  │
│ build_and_train_model_raytune_1bc7a_00003   RUNNING    0.001           64         1       128         4      252            147.463       0.613726        0.6645      0.6481                0.8482 │
╰────────────────────────────────────────────────────────────────────────────────────────────────────────────────────────────────────────────────────────────────────────────────────────────────────╯
Trial status: 4 RUNNING
Current time: 2025-01-18 10:54:41. Total running time: 3min 0s
Logical resource usage: 24.0/24 CPUs, 0/0 GPUs
╭────────────────────────────────────────────────────────────────────────────────────────────────────────────────────────────────────────────────────────────────────────────────────────────────────╮
│ Trial name                                  status         lr     d_model     depth     d_ffn     heads     iter     total time (s)     train_loss     train_acc     val_acc     noiseless_val_acc │
├────────────────────────────────────────────────────────────────────────────────────────────────────────────────────────────────────────────────────────────────────────────────────────────────────┤
│ build_and_train_model_raytune_1bc7a_00000   RUNNING    0.0001          32         2        64         2      290            177.553       0.662517        0.609       0.5928                0.739  │
│ build_and_train_model_raytune_1bc7a_00001   RUNNING    0.0001          64         2        32         4      211            177.689       0.664317        0.6145      0.5964                0.7392 │
│ build_and_train_model_raytune_1bc7a_00002   RUNNING    0.0001          64         3        32         4      158            177.435       0.674038        0.574       0.5716                0.6732 │
│ build_and_train_model_raytune_1bc7a_00003   RUNNING    0.001           64         1       128         4      304            177.332       0.600005        0.6875      0.6668                0.9092 │
╰────────────────────────────────────────────────────────────────────────────────────────────────────────────────────────────────────────────────────────────────────────────────────────────────────╯
Trial status: 4 RUNNING
Current time: 2025-01-18 10:55:11. Total running time: 3min 30s
Logical resource usage: 24.0/24 CPUs, 0/0 GPUs
╭────────────────────────────────────────────────────────────────────────────────────────────────────────────────────────────────────────────────────────────────────────────────────────────────────╮
│ Trial name                                  status         lr     d_model     depth     d_ffn     heads     iter     total time (s)     train_loss     train_acc     val_acc     noiseless_val_acc │
├────────────────────────────────────────────────────────────────────────────────────────────────────────────────────────────────────────────────────────────────────────────────────────────────────┤
│ build_and_train_model_raytune_1bc7a_00000   RUNNING    0.0001          32         2        64         2      340            207.388       0.657392        0.6175      0.5981                0.7235 │
│ build_and_train_model_raytune_1bc7a_00001   RUNNING    0.0001          64         2        32         4      253            207.945       0.651227        0.63        0.6068                0.7235 │
│ build_and_train_model_raytune_1bc7a_00002   RUNNING    0.0001          64         3        32         4      185            207.725       0.673965        0.5675      0.5659                0.641  │
│ build_and_train_model_raytune_1bc7a_00003   RUNNING    0.001           64         1       128         4      361            207.168       0.580594        0.7135      0.6776                0.9397 │
╰────────────────────────────────────────────────────────────────────────────────────────────────────────────────────────────────────────────────────────────────────────────────────────────────────╯
Trial status: 4 RUNNING
Current time: 2025-01-18 10:55:41. Total running time: 4min 0s
Logical resource usage: 24.0/24 CPUs, 0/0 GPUs
╭────────────────────────────────────────────────────────────────────────────────────────────────────────────────────────────────────────────────────────────────────────────────────────────────────╮
│ Trial name                                  status         lr     d_model     depth     d_ffn     heads     iter     total time (s)     train_loss     train_acc     val_acc     noiseless_val_acc │
├────────────────────────────────────────────────────────────────────────────────────────────────────────────────────────────────────────────────────────────────────────────────────────────────────┤
│ build_and_train_model_raytune_1bc7a_00000   RUNNING    0.0001          32         2        64         2      388            237.235       0.653628        0.6215      0.5976                0.7077 │
│ build_and_train_model_raytune_1bc7a_00001   RUNNING    0.0001          64         2        32         4      288            237.289       0.653403        0.623       0.602                 0.7402 │
│ build_and_train_model_raytune_1bc7a_00002   RUNNING    0.0001          64         3        32         4      211            238.092       0.664935        0.571       0.5657                0.6751 │
│ build_and_train_model_raytune_1bc7a_00003   RUNNING    0.001           64         1       128         4      413            237.216       0.573898        0.714       0.6805                0.9251 │
╰────────────────────────────────────────────────────────────────────────────────────────────────────────────────────────────────────────────────────────────────────────────────────────────────────╯
Trial status: 4 RUNNING
Current time: 2025-01-18 10:56:11. Total running time: 4min 30s
Logical resource usage: 24.0/24 CPUs, 0/0 GPUs
╭────────────────────────────────────────────────────────────────────────────────────────────────────────────────────────────────────────────────────────────────────────────────────────────────────╮
│ Trial name                                  status         lr     d_model     depth     d_ffn     heads     iter     total time (s)     train_loss     train_acc     val_acc     noiseless_val_acc │
├────────────────────────────────────────────────────────────────────────────────────────────────────────────────────────────────────────────────────────────────────────────────────────────────────┤
│ build_and_train_model_raytune_1bc7a_00000   RUNNING    0.0001          32         2        64         2      439            267.15        0.64728         0.622       0.5972                0.7077 │
│ build_and_train_model_raytune_1bc7a_00001   RUNNING    0.0001          64         2        32         4      326            267.981       0.648394        0.6265      0.6039                0.7077 │
│ build_and_train_model_raytune_1bc7a_00002   RUNNING    0.0001          64         3        32         4      238            267.545       0.659342        0.6045      0.5789                0.6935 │
│ build_and_train_model_raytune_1bc7a_00003   RUNNING    0.001           64         1       128         4      466            267.046       0.573998        0.714       0.6754                0.9251 │
╰────────────────────────────────────────────────────────────────────────────────────────────────────────────────────────────────────────────────────────────────────────────────────────────────────╯
Trial status: 4 RUNNING
Current time: 2025-01-18 10:56:41. Total running time: 5min 0s
Logical resource usage: 24.0/24 CPUs, 0/0 GPUs
╭────────────────────────────────────────────────────────────────────────────────────────────────────────────────────────────────────────────────────────────────────────────────────────────────────╮
│ Trial name                                  status         lr     d_model     depth     d_ffn     heads     iter     total time (s)     train_loss     train_acc     val_acc     noiseless_val_acc │
├────────────────────────────────────────────────────────────────────────────────────────────────────────────────────────────────────────────────────────────────────────────────────────────────────┤
│ build_and_train_model_raytune_1bc7a_00000   RUNNING    0.0001          32         2        64         2      488            297.109       0.645958        0.6225      0.5968                0.7077 │
│ build_and_train_model_raytune_1bc7a_00001   RUNNING    0.0001          64         2        32         4      361            297.223       0.643476        0.628       0.5976                0.7402 │
│ build_and_train_model_raytune_1bc7a_00002   RUNNING    0.0001          64         3        32         4      264            298.01        0.651776        0.6145      0.5886                0.693  │
│ build_and_train_model_raytune_1bc7a_00003   RUNNING    0.001           64         1       128         4      516            296.825       0.569189        0.719       0.6824                0.9251 │
╰────────────────────────────────────────────────────────────────────────────────────────────────────────────────────────────────────────────────────────────────────────────────────────────────────╯

Trial build_and_train_model_raytune_1bc7a_00000 completed after 522 iterations at 2025-01-18 10:57:02. Total running time: 5min 21s
╭────────────────────────────────────────────────────────────────────╮
│ Trial build_and_train_model_raytune_1bc7a_00000 result             │
├────────────────────────────────────────────────────────────────────┤
│ checkpoint_dir_name                                                │
│ time_this_iter_s                                           0.59281 │
│ time_total_s                                               317.987 │
│ training_iteration                                             522 │
│ epoch                                                          522 │
│ noiseless_val_acc                                            0.693 │
│ train_acc                                                   0.6205 │
│ train_loss                                                  0.6448 │
│ val_acc                                                      0.597 │
╰────────────────────────────────────────────────────────────────────╯

Trial build_and_train_model_raytune_1bc7a_00004 started with configuration:
╭───────────────────────────────────────────────────────────────────╮
│ Trial build_and_train_model_raytune_1bc7a_00004 config            │
├───────────────────────────────────────────────────────────────────┤
│ d_ffn                                                         128 │
│ d_model                                                        32 │
│ depth                                                           2 │
│ heads                                                           4 │
│ lr                                                         0.0001 │
╰───────────────────────────────────────────────────────────────────╯

Trial status: 1 TERMINATED | 4 RUNNING
Current time: 2025-01-18 10:57:11. Total running time: 5min 30s
Logical resource usage: 24.0/24 CPUs, 0/0 GPUs
╭──────────────────────────────────────────────────────────────────────────────────────────────────────────────────────────────────────────────────────────────────────────────────────────────────────╮
│ Trial name                                  status           lr     d_model     depth     d_ffn     heads     iter     total time (s)     train_loss     train_acc     val_acc     noiseless_val_acc │
├──────────────────────────────────────────────────────────────────────────────────────────────────────────────────────────────────────────────────────────────────────────────────────────────────────┤
│ build_and_train_model_raytune_1bc7a_00001   RUNNING      0.0001          64         2        32         4      398          327.881         0.644093        0.627       0.6                   0.7252 │
│ build_and_train_model_raytune_1bc7a_00002   RUNNING      0.0001          64         3        32         4      291          327.325         0.647327        0.6135      0.5852                0.6945 │
│ build_and_train_model_raytune_1bc7a_00003   RUNNING      0.001           64         1       128         4      573          326.921         0.545808        0.725       0.6814                0.9251 │
│ build_and_train_model_raytune_1bc7a_00004   RUNNING      0.0001          32         2       128         4        7            5.43008       0.751313        0.529       0.5441                0.5623 │
│ build_and_train_model_raytune_1bc7a_00000   TERMINATED   0.0001          32         2        64         2      522          317.987         0.644798        0.6205      0.597                 0.693  │
╰──────────────────────────────────────────────────────────────────────────────────────────────────────────────────────────────────────────────────────────────────────────────────────────────────────╯
Trial status: 1 TERMINATED | 4 RUNNING
Current time: 2025-01-18 10:57:41. Total running time: 6min 0s
Logical resource usage: 24.0/24 CPUs, 0/0 GPUs
╭──────────────────────────────────────────────────────────────────────────────────────────────────────────────────────────────────────────────────────────────────────────────────────────────────────╮
│ Trial name                                  status           lr     d_model     depth     d_ffn     heads     iter     total time (s)     train_loss     train_acc     val_acc     noiseless_val_acc │
├──────────────────────────────────────────────────────────────────────────────────────────────────────────────────────────────────────────────────────────────────────────────────────────────────────┤
│ build_and_train_model_raytune_1bc7a_00001   RUNNING      0.0001          64         2        32         4      432           357.614        0.642486        0.6275      0.604                 0.7252 │
│ build_and_train_model_raytune_1bc7a_00002   RUNNING      0.0001          64         3        32         4      316           357.354        0.64338         0.616       0.5939                0.6927 │
│ build_and_train_model_raytune_1bc7a_00003   RUNNING      0.001           64         1       128         4      622           356.919        0.552805        0.733       0.6888                0.942  │
│ build_and_train_model_raytune_1bc7a_00004   RUNNING      0.0001          32         2       128         4       46            35.1579       0.689738        0.592       0.5809                0.6705 │
│ build_and_train_model_raytune_1bc7a_00000   TERMINATED   0.0001          32         2        64         2      522           317.987        0.644798        0.6205      0.597                 0.693  │
╰──────────────────────────────────────────────────────────────────────────────────────────────────────────────────────────────────────────────────────────────────────────────────────────────────────╯

Trial build_and_train_model_raytune_1bc7a_00001 completed after 444 iterations at 2025-01-18 10:57:52. Total running time: 6min 11s
╭────────────────────────────────────────────────────────────────────╮
│ Trial build_and_train_model_raytune_1bc7a_00001 result             │
├────────────────────────────────────────────────────────────────────┤
│ checkpoint_dir_name                                                │
│ time_this_iter_s                                           0.84227 │
│ time_total_s                                               368.731 │
│ training_iteration                                             444 │
│ epoch                                                          444 │
│ noiseless_val_acc                                           0.7252 │
│ train_acc                                                    0.624 │
│ train_loss                                                 0.63785 │
│ val_acc                                                     0.6019 │
╰────────────────────────────────────────────────────────────────────╯

Trial build_and_train_model_raytune_1bc7a_00005 started with configuration:
╭───────────────────────────────────────────────────────────────────╮
│ Trial build_and_train_model_raytune_1bc7a_00005 config            │
├───────────────────────────────────────────────────────────────────┤
│ d_ffn                                                          32 │
│ d_model                                                        32 │
│ depth                                                           1 │
│ heads                                                           4 │
│ lr                                                         0.0001 │
╰───────────────────────────────────────────────────────────────────╯

Trial status: 2 TERMINATED | 4 RUNNING
Current time: 2025-01-18 10:58:11. Total running time: 6min 30s
Logical resource usage: 24.0/24 CPUs, 0/0 GPUs
╭──────────────────────────────────────────────────────────────────────────────────────────────────────────────────────────────────────────────────────────────────────────────────────────────────────╮
│ Trial name                                  status           lr     d_model     depth     d_ffn     heads     iter     total time (s)     train_loss     train_acc     val_acc     noiseless_val_acc │
├──────────────────────────────────────────────────────────────────────────────────────────────────────────────────────────────────────────────────────────────────────────────────────────────────────┤
│ build_and_train_model_raytune_1bc7a_00002   RUNNING      0.0001          64         3        32         4      343           387.321        0.644198        0.6195      0.5942                0.7084 │
│ build_and_train_model_raytune_1bc7a_00003   RUNNING      0.001           64         1       128         4      673           386.648        0.551064        0.7405      0.688                 0.9562 │
│ build_and_train_model_raytune_1bc7a_00004   RUNNING      0.0001          32         2       128         4       87            65.3545       0.676137        0.5875      0.5756                0.6405 │
│ build_and_train_model_raytune_1bc7a_00005   RUNNING      0.0001          32         1        32         4       36            15.5864       0.704719        0.5565      0.5666                0.6359 │
│ build_and_train_model_raytune_1bc7a_00000   TERMINATED   0.0001          32         2        64         2      522           317.987        0.644798        0.6205      0.597                 0.693  │
│ build_and_train_model_raytune_1bc7a_00001   TERMINATED   0.0001          64         2        32         4      444           368.731        0.637846        0.624       0.6019                0.7252 │
╰──────────────────────────────────────────────────────────────────────────────────────────────────────────────────────────────────────────────────────────────────────────────────────────────────────╯
Trial status: 2 TERMINATED | 4 RUNNING
Current time: 2025-01-18 10:58:41. Total running time: 7min 1s
Logical resource usage: 24.0/24 CPUs, 0/0 GPUs
╭──────────────────────────────────────────────────────────────────────────────────────────────────────────────────────────────────────────────────────────────────────────────────────────────────────╮
│ Trial name                                  status           lr     d_model     depth     d_ffn     heads     iter     total time (s)     train_loss     train_acc     val_acc     noiseless_val_acc │
├──────────────────────────────────────────────────────────────────────────────────────────────────────────────────────────────────────────────────────────────────────────────────────────────────────┤
│ build_and_train_model_raytune_1bc7a_00002   RUNNING      0.0001          64         3        32         4      371           417.673        0.63928         0.6275      0.5983                0.7084 │
│ build_and_train_model_raytune_1bc7a_00003   RUNNING      0.001           64         1       128         4      728           416.873        0.539141        0.7395      0.6882                0.9549 │
│ build_and_train_model_raytune_1bc7a_00004   RUNNING      0.0001          32         2       128         4      129            95.2203       0.673595        0.5875      0.5756                0.6405 │
│ build_and_train_model_raytune_1bc7a_00005   RUNNING      0.0001          32         1        32         4      108            45.2878       0.687351        0.5835      0.5872                0.6971 │
│ build_and_train_model_raytune_1bc7a_00000   TERMINATED   0.0001          32         2        64         2      522           317.987        0.644798        0.6205      0.597                 0.693  │
│ build_and_train_model_raytune_1bc7a_00001   TERMINATED   0.0001          64         2        32         4      444           368.731        0.637846        0.624       0.6019                0.7252 │
╰──────────────────────────────────────────────────────────────────────────────────────────────────────────────────────────────────────────────────────────────────────────────────────────────────────╯